#
# There is insufficient memory for the Java Runtime Environment to continue.
# Native memory allocation (malloc) failed to allocate 802736 bytes for Chunk::new
# Possible reasons:
#   The system is out of physical RAM or swap space
#   In 32 bit mode, the process size limit was hit
# Possible solutions:
#   Reduce memory load on the system
#   Increase physical memory or swap space
#   Check if swap backing store is full
#   Use 64 bit Java on a 64 bit OS
#   Decrease Java heap size (-Xmx/-Xms)
#   Decrease number of Java threads
#   Decrease Java thread stack sizes (-Xss)
#   Set larger code cache with -XX:ReservedCodeCacheSize=
# This output file may be truncated or incomplete.
#
#  Out of Memory Error (allocation.cpp:390), pid=200804, tid=0x000000000003083c
#
# JRE version: Java(TM) SE Runtime Environment (8.0_121-b13) (build 1.8.0_121-b13)
# Java VM: Java HotSpot(TM) 64-Bit Server VM (25.121-b13 mixed mode windows-amd64 compressed oops)
# Failed to write core dump. Minidumps are not enabled by default on client versions of Windows
#

---------------  T H R E A D  ---------------

Current thread (0x0000000017eab000):  JavaThread "C2 CompilerThread1" daemon [_thread_in_native, id=198716, stack(0x0000000019600000,0x0000000019700000)]

Stack: [0x0000000019600000,0x0000000019700000]
[error occurred during error reporting (printing stack bounds), id 0xc0000005]

Native frames: (J=compiled Java code, j=interpreted, Vv=VM code, C=native code)


Current CompileTask:
C2:  35331 2476       4       java.net.URLClassLoader$1::run (5 bytes)


---------------  P R O C E S S  ---------------

Java Threads: ( => current thread )
  0x000000001aff4000 JavaThread "Exec Stream Pumper" daemon [_thread_in_native, id=163404, stack(0x000000001e0e0000,0x000000001e1e0000)]
  0x000000001aff3800 JavaThread "Exec Stream Pumper" daemon [_thread_in_native, id=168080, stack(0x000000001dfe0000,0x000000001e0e0000)]
  0x000000001a41f800 JavaThread "Exec Default Executor" daemon [_thread_in_native, id=181616, stack(0x000000001bd10000,0x000000001be10000)]
  0x000000001af7d000 JavaThread "Okio Watchdog" daemon [_thread_blocked, id=189764, stack(0x000000001dce0000,0x000000001dde0000)]
  0x000000001af7c800 JavaThread "OkHttp ConnectionPool" daemon [_thread_blocked, id=189864, stack(0x000000001dbe0000,0x000000001dce0000)]
  0x000000001b56e000 JavaThread "Exec Stream Pumper" daemon [_thread_in_native, id=192668, stack(0x000000001d8e0000,0x000000001d9e0000)]
  0x000000001b5c1800 JavaThread "Exec Stream Pumper" daemon [_thread_in_native, id=200404, stack(0x000000001d7e0000,0x000000001d8e0000)]
  0x000000001b56d800 JavaThread "UrlChecker-2" daemon [_thread_blocked, id=192516, stack(0x000000001d6e0000,0x000000001d7e0000)]
  0x000000001b09d800 JavaThread "Exec Default Executor" daemon [_thread_in_native, id=153800, stack(0x000000001d5e0000,0x000000001d6e0000)]
  0x000000001ab24800 JavaThread "ReaderThread" [_thread_in_native, id=196948, stack(0x000000001ba10000,0x000000001bb10000)]
  0x0000000019810800 JavaThread "Service Thread" daemon [_thread_blocked, id=174420, stack(0x0000000019c00000,0x0000000019d00000)]
  0x0000000017eb0000 JavaThread "C1 CompilerThread2" daemon [_thread_blocked, id=192484, stack(0x0000000019700000,0x0000000019800000)]
=>0x0000000017eab000 JavaThread "C2 CompilerThread1" daemon [_thread_in_native, id=198716, stack(0x0000000019600000,0x0000000019700000)]
  0x0000000017ea8800 JavaThread "C2 CompilerThread0" daemon [_thread_in_native, id=188844, stack(0x0000000019500000,0x0000000019600000)]
  0x0000000017ea4800 JavaThread "Attach Listener" daemon [_thread_blocked, id=193860, stack(0x0000000019400000,0x0000000019500000)]
  0x0000000017ea3000 JavaThread "Signal Dispatcher" daemon [_thread_blocked, id=200900, stack(0x0000000019300000,0x0000000019400000)]
  0x0000000017e90800 JavaThread "Finalizer" daemon [_thread_blocked, id=192816, stack(0x0000000019100000,0x0000000019200000)]
  0x00000000033f8800 JavaThread "Reference Handler" daemon [_thread_blocked, id=198276, stack(0x0000000019000000,0x0000000019100000)]
  0x0000000003305800 JavaThread "main" [_thread_in_native, id=200040, stack(0x0000000003200000,0x0000000003300000)]

Other Threads:
  0x0000000017e67000 VMThread [stack: 0x0000000018f00000,0x0000000019000000] [id=196004]
  0x0000000019881800 WatcherThread [stack: 0x0000000019d00000,0x0000000019e00000] [id=201116]

VM state:not at safepoint (normal execution)

VM Mutex/Monitor currently owned by a thread: None

Heap:
 PSYoungGen      total 37888K, used 14279K [0x00000000d6300000, 0x00000000d9a00000, 0x0000000100000000)
  eden space 32768K, 34% used [0x00000000d6300000,0x00000000d6dee140,0x00000000d8300000)
  from space 5120K, 60% used [0x00000000d8800000,0x00000000d8b03c20,0x00000000d8d00000)
  to   space 5120K, 0% used [0x00000000d8300000,0x00000000d8300000,0x00000000d8800000)
 ParOldGen       total 66048K, used 9818K [0x0000000082800000, 0x0000000086880000, 0x00000000d6300000)
  object space 66048K, 14% used [0x0000000082800000,0x0000000083196a30,0x0000000086880000)
 Metaspace       used 24917K, capacity 25817K, committed 25904K, reserved 1071104K
  class space    used 3321K, capacity 3547K, committed 3632K, reserved 1048576K

Card table byte_map: [0x00000000127c0000,0x0000000012bb0000] byte_map_base: 0x00000000123ac000

Marking Bits: (ParMarkBitMap*) 0x000000007431b6d0
 Begin Bits: [0x0000000013250000, 0x00000000151b0000)
 End Bits:   [0x00000000151b0000, 0x0000000017110000)

Polling page: 0x0000000001750000

CodeCache: size=245760Kb used=8241Kb max_used=8252Kb free=237518Kb
 bounds [0x0000000003400000, 0x0000000003c20000, 0x0000000012400000]
 total_blobs=2937 nmethods=2474 adapters=375
 compilation: enabled

Compilation events (10 events):
Event: 34.979 Thread 0x0000000017eb0000 2471       3       freemarker.template.Template$LineTableBuilder::handleChar (190 bytes)
Event: 34.982 Thread 0x0000000017eb0000 nmethod 2471 0x0000000003c0c950 code [0x0000000003c0cdc0, 0x0000000003c106a8]
Event: 34.982 Thread 0x0000000017eb0000 2472       1       freemarker.template.Template::access$000 (5 bytes)
Event: 34.982 Thread 0x0000000017eb0000 nmethod 2472 0x0000000003bf9c50 code [0x0000000003bf9da0, 0x0000000003bf9e90]
Event: 34.993 Thread 0x0000000017eb0000 2473       3       freemarker.core.FMParserTokenManager::jjCheckNAdd (41 bytes)
Event: 34.994 Thread 0x0000000017eb0000 nmethod 2473 0x0000000003c076d0 code [0x0000000003c07840, 0x0000000003c07a50]
Event: 35.018 Thread 0x0000000017eab000 2474       4       java.io.File::exists (43 bytes)
Event: 35.021 Thread 0x0000000017eab000 nmethod 2474 0x0000000003c0aad0 code [0x0000000003c0ac20, 0x0000000003c0ae28]
Event: 35.024 Thread 0x0000000017ea8800 2475   !   4       java.net.URLClassLoader$1::run (63 bytes)
Event: 35.024 Thread 0x0000000017eab000 2476       4       java.net.URLClassLoader$1::run (5 bytes)

GC Heap History (10 events):
Event: 2.159 GC heap before
{Heap before GC invocations=1 (full 0):
 PSYoungGen      total 37888K, used 32768K [0x00000000d6300000, 0x00000000d8d00000, 0x0000000100000000)
  eden space 32768K, 100% used [0x00000000d6300000,0x00000000d8300000,0x00000000d8300000)
  from space 5120K, 0% used [0x00000000d8800000,0x00000000d8800000,0x00000000d8d00000)
  to   space 5120K, 0% used [0x00000000d8300000,0x00000000d8300000,0x00000000d8800000)
 ParOldGen       total 86016K, used 0K [0x0000000082800000, 0x0000000087c00000, 0x00000000d6300000)
  object space 86016K, 0% used [0x0000000082800000,0x0000000082800000,0x0000000087c00000)
 Metaspace       used 12417K, capacity 12652K, committed 12800K, reserved 1060864K
  class space    used 1400K, capacity 1484K, committed 1536K, reserved 1048576K
Event: 2.173 GC heap after
Heap after GC invocations=1 (full 0):
 PSYoungGen      total 37888K, used 5119K [0x00000000d6300000, 0x00000000d8d00000, 0x0000000100000000)
  eden space 32768K, 0% used [0x00000000d6300000,0x00000000d6300000,0x00000000d8300000)
  from space 5120K, 99% used [0x00000000d8300000,0x00000000d87ffd80,0x00000000d8800000)
  to   space 5120K, 0% used [0x00000000d8800000,0x00000000d8800000,0x00000000d8d00000)
 ParOldGen       total 86016K, used 1682K [0x0000000082800000, 0x0000000087c00000, 0x00000000d6300000)
  object space 86016K, 1% used [0x0000000082800000,0x00000000829a4ad0,0x0000000087c00000)
 Metaspace       used 12417K, capacity 12652K, committed 12800K, reserved 1060864K
  class space    used 1400K, capacity 1484K, committed 1536K, reserved 1048576K
}
Event: 2.675 GC heap before
{Heap before GC invocations=2 (full 0):
 PSYoungGen      total 37888K, used 37887K [0x00000000d6300000, 0x00000000d8d00000, 0x0000000100000000)
  eden space 32768K, 100% used [0x00000000d6300000,0x00000000d8300000,0x00000000d8300000)
  from space 5120K, 99% used [0x00000000d8300000,0x00000000d87ffd80,0x00000000d8800000)
  to   space 5120K, 0% used [0x00000000d8800000,0x00000000d8800000,0x00000000d8d00000)
 ParOldGen       total 86016K, used 1682K [0x0000000082800000, 0x0000000087c00000, 0x00000000d6300000)
  object space 86016K, 1% used [0x0000000082800000,0x00000000829a4ad0,0x0000000087c00000)
 Metaspace       used 15683K, capacity 15950K, committed 16128K, reserved 1062912K
  class space    used 1969K, capacity 2039K, committed 2048K, reserved 1048576K
Event: 2.682 GC heap after
Heap after GC invocations=2 (full 0):
 PSYoungGen      total 37888K, used 5089K [0x00000000d6300000, 0x00000000d8d00000, 0x0000000100000000)
  eden space 32768K, 0% used [0x00000000d6300000,0x00000000d6300000,0x00000000d8300000)
  from space 5120K, 99% used [0x00000000d8800000,0x00000000d8cf84b8,0x00000000d8d00000)
  to   space 5120K, 0% used [0x00000000d8300000,0x00000000d8300000,0x00000000d8800000)
 ParOldGen       total 86016K, used 4523K [0x0000000082800000, 0x0000000087c00000, 0x00000000d6300000)
  object space 86016K, 5% used [0x0000000082800000,0x0000000082c6ac48,0x0000000087c00000)
 Metaspace       used 15683K, capacity 15950K, committed 16128K, reserved 1062912K
  class space    used 1969K, capacity 2039K, committed 2048K, reserved 1048576K
}
Event: 3.728 GC heap before
{Heap before GC invocations=3 (full 0):
 PSYoungGen      total 37888K, used 37348K [0x00000000d6300000, 0x00000000d8d00000, 0x0000000100000000)
  eden space 32768K, 98% used [0x00000000d6300000,0x00000000d8280da8,0x00000000d8300000)
  from space 5120K, 99% used [0x00000000d8800000,0x00000000d8cf84b8,0x00000000d8d00000)
  to   space 5120K, 0% used [0x00000000d8300000,0x00000000d8300000,0x00000000d8800000)
 ParOldGen       total 86016K, used 4523K [0x0000000082800000, 0x0000000087c00000, 0x00000000d6300000)
  object space 86016K, 5% used [0x0000000082800000,0x0000000082c6ac48,0x0000000087c00000)
 Metaspace       used 20762K, capacity 21281K, committed 21296K, reserved 1067008K
  class space    used 2710K, capacity 2864K, committed 2864K, reserved 1048576K
Event: 3.737 GC heap after
Heap after GC invocations=3 (full 0):
 PSYoungGen      total 37888K, used 5093K [0x00000000d6300000, 0x00000000d8d00000, 0x0000000100000000)
  eden space 32768K, 0% used [0x00000000d6300000,0x00000000d6300000,0x00000000d8300000)
  from space 5120K, 99% used [0x00000000d8300000,0x00000000d87f94e0,0x00000000d8800000)
  to   space 5120K, 0% used [0x00000000d8800000,0x00000000d8800000,0x00000000d8d00000)
 ParOldGen       total 86016K, used 9295K [0x0000000082800000, 0x0000000087c00000, 0x00000000d6300000)
  object space 86016K, 10% used [0x0000000082800000,0x0000000083113c20,0x0000000087c00000)
 Metaspace       used 20762K, capacity 21281K, committed 21296K, reserved 1067008K
  class space    used 2710K, capacity 2864K, committed 2864K, reserved 1048576K
}
Event: 3.737 GC heap before
{Heap before GC invocations=4 (full 1):
 PSYoungGen      total 37888K, used 5093K [0x00000000d6300000, 0x00000000d8d00000, 0x0000000100000000)
  eden space 32768K, 0% used [0x00000000d6300000,0x00000000d6300000,0x00000000d8300000)
  from space 5120K, 99% used [0x00000000d8300000,0x00000000d87f94e0,0x00000000d8800000)
  to   space 5120K, 0% used [0x00000000d8800000,0x00000000d8800000,0x00000000d8d00000)
 ParOldGen       total 86016K, used 9295K [0x0000000082800000, 0x0000000087c00000, 0x00000000d6300000)
  object space 86016K, 10% used [0x0000000082800000,0x0000000083113c20,0x0000000087c00000)
 Metaspace       used 20762K, capacity 21281K, committed 21296K, reserved 1067008K
  class space    used 2710K, capacity 2864K, committed 2864K, reserved 1048576K
Event: 3.779 GC heap after
Heap after GC invocations=4 (full 1):
 PSYoungGen      total 37888K, used 0K [0x00000000d6300000, 0x00000000d8d00000, 0x0000000100000000)
  eden space 32768K, 0% used [0x00000000d6300000,0x00000000d6300000,0x00000000d8300000)
  from space 5120K, 0% used [0x00000000d8300000,0x00000000d8300000,0x00000000d8800000)
  to   space 5120K, 0% used [0x00000000d8800000,0x00000000d8800000,0x00000000d8d00000)
 ParOldGen       total 66048K, used 9810K [0x0000000082800000, 0x0000000086880000, 0x00000000d6300000)
  object space 66048K, 14% used [0x0000000082800000,0x0000000083194a30,0x0000000086880000)
 Metaspace       used 20762K, capacity 21281K, committed 21296K, reserved 1067008K
  class space    used 2710K, capacity 2864K, committed 2864K, reserved 1048576K
}
Event: 34.448 GC heap before
{Heap before GC invocations=5 (full 1):
 PSYoungGen      total 37888K, used 32768K [0x00000000d6300000, 0x00000000d8d00000, 0x0000000100000000)
  eden space 32768K, 100% used [0x00000000d6300000,0x00000000d8300000,0x00000000d8300000)
  from space 5120K, 0% used [0x00000000d8300000,0x00000000d8300000,0x00000000d8800000)
  to   space 5120K, 0% used [0x00000000d8800000,0x00000000d8800000,0x00000000d8d00000)
 ParOldGen       total 66048K, used 9810K [0x0000000082800000, 0x0000000086880000, 0x00000000d6300000)
  object space 66048K, 14% used [0x0000000082800000,0x0000000083194a30,0x0000000086880000)
 Metaspace       used 23778K, capacity 24545K, committed 24624K, reserved 1071104K
  class space    used 3114K, capacity 3319K, committed 3376K, reserved 1048576K
Event: 34.486 GC heap after
Heap after GC invocations=5 (full 1):
 PSYoungGen      total 37888K, used 3087K [0x00000000d6300000, 0x00000000d9a00000, 0x0000000100000000)
  eden space 32768K, 0% used [0x00000000d6300000,0x00000000d6300000,0x00000000d8300000)
  from space 5120K, 60% used [0x00000000d8800000,0x00000000d8b03c20,0x00000000d8d00000)
  to   space 5120K, 0% used [0x00000000d8300000,0x00000000d8300000,0x00000000d8800000)
 ParOldGen       total 66048K, used 9818K [0x0000000082800000, 0x0000000086880000, 0x00000000d6300000)
  object space 66048K, 14% used [0x0000000082800000,0x0000000083196a30,0x0000000086880000)
 Metaspace       used 23778K, capacity 24545K, committed 24624K, reserved 1071104K
  class space    used 3114K, capacity 3319K, committed 3376K, reserved 1048576K
}

Deoptimization events (10 events):
Event: 3.845 Thread 0x0000000003305800 Uncommon trap: reason=class_check action=maybe_recompile pc=0x00000000037727c4 method=java.util.regex.Matcher.search(I)Z @ 86
Event: 3.845 Thread 0x0000000003305800 Uncommon trap: reason=class_check action=maybe_recompile pc=0x00000000037727c4 method=java.util.regex.Matcher.search(I)Z @ 86
Event: 3.845 Thread 0x0000000003305800 Uncommon trap: reason=class_check action=maybe_recompile pc=0x00000000037727c4 method=java.util.regex.Matcher.search(I)Z @ 86
Event: 3.845 Thread 0x0000000003305800 Uncommon trap: reason=class_check action=maybe_recompile pc=0x00000000037727c4 method=java.util.regex.Matcher.search(I)Z @ 86
Event: 21.186 Thread 0x0000000003305800 Uncommon trap: reason=unstable_if action=reinterpret pc=0x00000000039e0c2c method=java.util.concurrent.ConcurrentHashMap.putVal(Ljava/lang/Object;Ljava/lang/Object;Z)Ljava/lang/Object; @ 206
Event: 21.888 Thread 0x0000000003305800 Uncommon trap: reason=range_check action=make_not_entrant pc=0x0000000003ac8394 method=java.lang.String.charAt(I)C @ 27
Event: 22.437 Thread 0x0000000003305800 Uncommon trap: reason=class_check action=maybe_recompile pc=0x0000000003b77edc method=java.util.stream.ForEachOps$ForEachOp$OfRef.accept(Ljava/lang/Object;)V @ 5
Event: 22.440 Thread 0x0000000003305800 Uncommon trap: reason=predicate action=maybe_recompile pc=0x0000000003b7b518 method=java.util.regex.Pattern$Slice.match(Ljava/util/regex/Matcher;ILjava/lang/CharSequence;)Z @ 21
Event: 22.444 Thread 0x0000000003305800 Uncommon trap: reason=class_check action=maybe_recompile pc=0x0000000003b77edc method=java.util.stream.ForEachOps$ForEachOp$OfRef.accept(Ljava/lang/Object;)V @ 5
Event: 34.301 Thread 0x0000000003305800 Uncommon trap: reason=unstable_if action=reinterpret pc=0x0000000003924700 method=java.io.WinNTFileSystem.normalize(Ljava/lang/String;II)Ljava/lang/String; @ 103

Internal exceptions (10 events):
Event: 33.462 Thread 0x0000000003305800 Exception <a 'java/net/SocketTimeoutException': Read timed out> (0x00000000d7f22980) thrown at [C:\re\workspace\8-2-build-windows-amd64-cygwin\jdk8u121\8372\hotspot\src\share\vm\prims\jni.cpp, line 735]
Event: 33.508 Thread 0x0000000003305800 Exception <a 'java/net/SocketTimeoutException': Read timed out> (0x00000000d7f40368) thrown at [C:\re\workspace\8-2-build-windows-amd64-cygwin\jdk8u121\8372\hotspot\src\share\vm\prims\jni.cpp, line 735]
Event: 33.928 Thread 0x0000000003305800 Exception <a 'java/net/SocketTimeoutException': Read timed out> (0x00000000d7f531a8) thrown at [C:\re\workspace\8-2-build-windows-amd64-cygwin\jdk8u121\8372\hotspot\src\share\vm\prims\jni.cpp, line 735]
Event: 33.991 Thread 0x0000000003305800 Exception <a 'java/net/SocketTimeoutException': Read timed out> (0x00000000d7f72058) thrown at [C:\re\workspace\8-2-build-windows-amd64-cygwin\jdk8u121\8372\hotspot\src\share\vm\prims\jni.cpp, line 735]
Event: 34.285 Thread 0x0000000003305800 Exception <a 'java/net/SocketTimeoutException': Read timed out> (0x00000000d7f84be0) thrown at [C:\re\workspace\8-2-build-windows-amd64-cygwin\jdk8u121\8372\hotspot\src\share\vm\prims\jni.cpp, line 735]
Event: 34.316 Thread 0x0000000003305800 Exception <a 'java/net/SocketTimeoutException': Read timed out> (0x00000000d7fb8c78) thrown at [C:\re\workspace\8-2-build-windows-amd64-cygwin\jdk8u121\8372\hotspot\src\share\vm\prims\jni.cpp, line 735]
Event: 34.380 Thread 0x0000000003305800 Exception <a 'java/net/SocketTimeoutException': Read timed out> (0x00000000d7fcbbf8) thrown at [C:\re\workspace\8-2-build-windows-amd64-cygwin\jdk8u121\8372\hotspot\src\share\vm\prims\jni.cpp, line 735]
Event: 34.505 Thread 0x0000000003305800 Exception <a 'java/net/SocketTimeoutException': Read timed out> (0x00000000d63fd560) thrown at [C:\re\workspace\8-2-build-windows-amd64-cygwin\jdk8u121\8372\hotspot\src\share\vm\prims\jni.cpp, line 735]
Event: 34.552 Thread 0x0000000003305800 Exception <a 'java/net/SocketTimeoutException': Read timed out> (0x00000000d641ae50) thrown at [C:\re\workspace\8-2-build-windows-amd64-cygwin\jdk8u121\8372\hotspot\src\share\vm\prims\jni.cpp, line 735]
Event: 34.568 Thread 0x0000000003305800 Exception <a 'java/net/SocketTimeoutException': Read timed out> (0x00000000d6433808) thrown at [C:\re\workspace\8-2-build-windows-amd64-cygwin\jdk8u121\8372\hotspot\src\share\vm\prims\jni.cpp, line 735]

Events (10 events):
Event: 35.116 loading class freemarker/core/BuiltInsForMultipleTypes$cBI$BIBeforeICE2d3d21
Event: 35.116 loading class freemarker/core/BuiltInsForMultipleTypes$cBI$BIBeforeICE2d3d21 done
Event: 35.117 loading class freemarker/core/ExistenceBuiltins$defaultBI$1
Event: 35.117 loading class freemarker/core/ExistenceBuiltins$defaultBI$1 done
Event: 35.118 loading class freemarker/core/NonSequenceException
Event: 35.118 loading class freemarker/core/NonSequenceException done
Event: 35.172 loading class freemarker/core/BuiltInsForStringsEncoding$htmlBI$BIBeforeICI2d3d20
Event: 35.172 loading class freemarker/core/BuiltInsForStringsEncoding$htmlBI$BIBeforeICI2d3d20 done
Event: 35.174 loading class freemarker/core/NonDateException
Event: 35.174 loading class freemarker/core/NonDateException done


Dynamic libraries:
0x00007ff686070000 - 0x00007ff6860a7000 	C:\Program Files\Java\jdk1.8.0_121\bin\javaw.exe
0x00007ffee63e0000 - 0x00007ffee65e9000 	C:\Windows\SYSTEM32\ntdll.dll
0x00007ffee52b0000 - 0x00007ffee536e000 	C:\Windows\System32\KERNEL32.DLL
0x00007ffee3d40000 - 0x00007ffee40bb000 	C:\Windows\System32\KERNELBASE.dll
0x00007ffee5000000 - 0x00007ffee50ae000 	C:\Windows\System32\ADVAPI32.dll
0x00007ffee4d00000 - 0x00007ffee4da3000 	C:\Windows\System32\msvcrt.dll
0x00007ffee5cf0000 - 0x00007ffee5d8e000 	C:\Windows\System32\sechost.dll
0x00007ffee5190000 - 0x00007ffee52b0000 	C:\Windows\System32\RPCRT4.dll
0x00007ffee4e40000 - 0x00007ffee4fed000 	C:\Windows\System32\USER32.dll
0x00007ffee3a90000 - 0x00007ffee3ab6000 	C:\Windows\System32\win32u.dll
0x00007ffee6330000 - 0x00007ffee6359000 	C:\Windows\System32\GDI32.dll
0x00007ffee4140000 - 0x00007ffee4258000 	C:\Windows\System32\gdi32full.dll
0x00007ffee3ac0000 - 0x00007ffee3b5d000 	C:\Windows\System32\msvcp_win.dll
0x00007ffee3b60000 - 0x00007ffee3c71000 	C:\Windows\System32\ucrtbase.dll
0x00007ffed0e50000 - 0x00007ffed10f5000 	C:\Windows\WinSxS\amd64_microsoft.windows.common-controls_6595b64144ccf1df_6.0.22000.120_none_9d947278b86cc467\COMCTL32.dll
0x00007ffee6360000 - 0x00007ffee6392000 	C:\Windows\System32\IMM32.DLL
0x00000000743a0000 - 0x0000000074472000 	C:\Program Files\Java\jdk1.8.0_121\jre\bin\msvcr100.dll
0x0000000073b00000 - 0x000000007439b000 	C:\Program Files\Java\jdk1.8.0_121\jre\bin\server\jvm.dll
0x00007ffee4350000 - 0x00007ffee4358000 	C:\Windows\System32\PSAPI.DLL
0x00007ffed1ab0000 - 0x00007ffed1ab9000 	C:\Windows\SYSTEM32\WSOCK32.dll
0x00007ffee6120000 - 0x00007ffee618f000 	C:\Windows\System32\WS2_32.dll
0x00007ffedce20000 - 0x00007ffedce2a000 	C:\Windows\SYSTEM32\VERSION.dll
0x00007ffedd620000 - 0x00007ffedd653000 	C:\Windows\SYSTEM32\WINMM.dll
0x0000000074d50000 - 0x0000000074d5f000 	C:\Program Files\Java\jdk1.8.0_121\jre\bin\verify.dll
0x0000000074d20000 - 0x0000000074d49000 	C:\Program Files\Java\jdk1.8.0_121\jre\bin\java.dll
0x0000000074d00000 - 0x0000000074d16000 	C:\Program Files\Java\jdk1.8.0_121\jre\bin\zip.dll
0x00007ffee4380000 - 0x00007ffee4b38000 	C:\Windows\System32\SHELL32.dll
0x00007ffee19a0000 - 0x00007ffee2205000 	C:\Windows\SYSTEM32\windows.storage.dll
0x00007ffee5da0000 - 0x00007ffee6118000 	C:\Windows\System32\combase.dll
0x00007ffee1830000 - 0x00007ffee1996000 	C:\Windows\SYSTEM32\wintypes.dll
0x00007ffee5a50000 - 0x00007ffee5b3a000 	C:\Windows\System32\SHCORE.dll
0x00007ffee5b40000 - 0x00007ffee5b9d000 	C:\Windows\System32\shlwapi.dll
0x00007ffee37e0000 - 0x00007ffee3801000 	C:\Windows\SYSTEM32\profapi.dll
0x00000000746b0000 - 0x00000000746ca000 	C:\Program Files\Java\jdk1.8.0_121\jre\bin\net.dll
0x00007ffee2dd0000 - 0x00007ffee2e37000 	C:\Windows\system32\mswsock.dll
0x00007ffee24d0000 - 0x00007ffee25b8000 	C:\Windows\SYSTEM32\DNSAPI.dll
0x00007ffee2460000 - 0x00007ffee248d000 	C:\Windows\SYSTEM32\IPHLPAPI.DLL
0x00007ffee5900000 - 0x00007ffee5909000 	C:\Windows\System32\NSI.dll
0x00007ffed55b0000 - 0x00007ffed55ba000 	C:\Windows\System32\rasadhlp.dll
0x00007ffed9b60000 - 0x00007ffed9be1000 	C:\Windows\System32\fwpuclnt.dll
0x0000000073ad0000 - 0x0000000073af4000 	C:\Program Files\Java\jdk1.8.0_121\jre\bin\sunec.dll
0x00007ffedce30000 - 0x00007ffedce49000 	C:\Windows\SYSTEM32\dhcpcsvc6.DLL
0x00007ffedd7b0000 - 0x00007ffedd7ce000 	C:\Windows\SYSTEM32\dhcpcsvc.DLL
0x0000000073ab0000 - 0x0000000073ac1000 	C:\Program Files\Java\jdk1.8.0_121\jre\bin\nio.dll
0x00007ffee3010000 - 0x00007ffee3028000 	C:\Windows\SYSTEM32\CRYPTSP.dll
0x00007ffee2890000 - 0x00007ffee28c5000 	C:\Windows\system32\rsaenh.dll
0x00007ffee2ec0000 - 0x00007ffee2ee9000 	C:\Windows\SYSTEM32\USERENV.dll
0x00007ffee31a0000 - 0x00007ffee31c7000 	C:\Windows\SYSTEM32\bcrypt.dll
0x00007ffee40c0000 - 0x00007ffee413f000 	C:\Windows\System32\bcryptprimitives.dll
0x00007ffee3030000 - 0x00007ffee303c000 	C:\Windows\SYSTEM32\CRYPTBASE.dll
0x0000000074cf0000 - 0x0000000074cfb000 	C:\Program Files\Java\jdk1.8.0_121\jre\bin\sunmscapi.dll
0x00007ffee3920000 - 0x00007ffee3a82000 	C:\Windows\System32\CRYPT32.dll

VM Arguments:
jvm_args: -ea -Dfile.encoding=UTF-8 
java_command: org.testng.remote.RemoteTestNG -serport 61522 -protocol json -d C:\Users\paul\eclipse-workspace\RecruiterAi-0.01\test-output C:\Users\paul\AppData\Local\Temp\testng-eclipse--1442800165\testng-customsuite.xml
java_class_path (initial): C:\Users\paul\eclipse\java-2022-09\eclipse\configuration\org.eclipse.osgi\440\0\.cp\lib\testng-remote.jar;C:\Users\paul\eclipse-workspace\RecruiterAi-0.01\target\test-classes;C:\Users\paul\eclipse-workspace\RecruiterAi-0.01\target\classes;C:\Users\paul\.m2\repository\org\seleniumhq\selenium\selenium-java\3.141.59\selenium-java-3.141.59.jar;C:\Users\paul\.m2\repository\org\seleniumhq\selenium\selenium-api\3.141.59\selenium-api-3.141.59.jar;C:\Users\paul\.m2\repository\org\seleniumhq\selenium\selenium-chrome-driver\3.141.59\selenium-chrome-driver-3.141.59.jar;C:\Users\paul\.m2\repository\org\seleniumhq\selenium\selenium-edge-driver\3.141.59\selenium-edge-driver-3.141.59.jar;C:\Users\paul\.m2\repository\org\seleniumhq\selenium\selenium-firefox-driver\3.141.59\selenium-firefox-driver-3.141.59.jar;C:\Users\paul\.m2\repository\org\seleniumhq\selenium\selenium-ie-driver\3.141.59\selenium-ie-driver-3.141.59.jar;C:\Users\paul\.m2\repository\org\seleniumhq\selenium\selenium-opera-driver\3.141.59\selenium-opera-driver-3.141.59.jar;C:\Users\paul\.m2\repository\org\seleniumhq\selenium\selenium-remote-driver\3.141.59\selenium-remote-driver-3.141.59.jar;C:\Users\paul\.m2\repository\org\seleniumhq\selenium\selenium-safari-driver\3.141.59\selenium-safari-driver-3.141.59.jar;C:\Users\paul\.m2\repository\org\seleniumhq\selenium\selenium-support\3.141.59\selenium-support-3.141.59.jar;C:\Users\paul\.m2\repository\net\bytebuddy\byte-buddy\1.8.15\byte-buddy-1.8.15.jar;C:\Users\paul\.m2\repository\org\apache\commons\commons-exec\1.3\commons-exec-1.3.jar;C:\Users\paul\.m2\repository\com\google\guava\guava\25.0-jre\guava-25.0-jre.jar;C:\Users\paul\.m2\repository\com\google\code\findbugs\jsr305\1.3.9\jsr305-1.3.9.jar;C:\Users\paul\.m2\repository\org\checkerframework\checker-compat-qual\2.0.0\checker-compat-qual-2.0.0.jar;C:\Users\paul\.m2\repository\com\google\errorprone\error_prone_annotations\2.1.3\error_prone_annotations-2.1.3.jar;C:\Users\paul\.m2\repository\c
Launcher Type: SUN_STANDARD

Environment Variables:
JAVA_HOME=C:\Program Files\Java\jdk-11.0.16
PATH=C:/Users/paul/.p2/pool/plugins/org.eclipse.justj.openjdk.hotspot.jre.full.win32.x86_64_17.0.4.v20221004-1257/jre/bin/server;C:/Users/paul/.p2/pool/plugins/org.eclipse.justj.openjdk.hotspot.jre.full.win32.x86_64_17.0.4.v20221004-1257/jre/bin;C:\Program Files\Common Files\Oracle\Java\javapath;C:\ProgramData\Oracle\Java\javapath;C:\Program Files (x86)\Common Files\Oracle\Java\javapath;C:\Windows\system32;C:\Windows;C:\Windows\System32\Wbem;C:\Windows\System32\WindowsPowerShell\v1.0\;C:\Windows\System32\OpenSSH\;C:\Program Files\Java\jdk-11.0.16\bin;C:\Program Files\Git\cmd;C:\Users\paul\AppData\Local\Microsoft\WindowsApps;C:\Program Files\Java\jdk-11.0.16\bin;C:\Users\paul\AppData\Local\GitHubDesktop\bin;;C:\Users\paul\Desktop;
USERNAME=paul
OS=Windows_NT
PROCESSOR_IDENTIFIER=Intel64 Family 6 Model 142 Stepping 12, GenuineIntel



---------------  S Y S T E M  ---------------

OS: Windows 10.0 , 64 bit Build 22000 (10.0.22000.1219)

CPU:total 4 (2 cores per cpu, 2 threads per core) family 6 model 142 stepping 12, cmov, cx8, fxsr, mmx, sse, sse2, sse3, ssse3, sse4.1, sse4.2, popcnt, avx, avx2, aes, clmul, erms, 3dnowpref, lzcnt, ht, tsc, tscinvbit, bmi1, bmi2, adx

Memory: 4k page, physical 8218932k(128620k free), swap 33384756k(5892k free)

vm_info: Java HotSpot(TM) 64-Bit Server VM (25.121-b13) for windows-amd64 JRE (1.8.0_121-b13), built on Dec 12 2016 18:21:36 by "java_re" with MS VC++ 10.0 (VS2010)

time: Sun Dec 04 17:38:41 2022
elapsed time: 35 seconds (0d 0h 0m 35s)

