#
# There is insufficient memory for the Java Runtime Environment to continue.
# Native memory allocation (malloc) failed to allocate 32744 bytes for ChunkPool::allocate
# Possible reasons:
#   The system is out of physical RAM or swap space
#   In 32 bit mode, the process size limit was hit
# Possible solutions:
#   Reduce memory load on the system
#   Increase physical memory or swap space
#   Check if swap backing store is full
#   Use 64 bit Java on a 64 bit OS
#   Decrease Java heap size (-Xmx/-Xms)
#   Decrease number of Java threads
#   Decrease Java thread stack sizes (-Xss)
#   Set larger code cache with -XX:ReservedCodeCacheSize=
# This output file may be truncated or incomplete.
#
#  Out of Memory Error (allocation.cpp:273), pid=166236, tid=0x000000000001f0fc
#
# JRE version: Java(TM) SE Runtime Environment (8.0_121-b13) (build 1.8.0_121-b13)
# Java VM: Java HotSpot(TM) 64-Bit Server VM (25.121-b13 mixed mode windows-amd64 compressed oops)
# Failed to write core dump. Minidumps are not enabled by default on client versions of Windows
#

---------------  T H R E A D  ---------------

Current thread (0x000000001754c000):  JavaThread "C2 CompilerThread0" daemon [_thread_in_native, id=127228, stack(0x0000000018c90000,0x0000000018d90000)]

Stack: [0x0000000018c90000,0x0000000018d90000]
[error occurred during error reporting (printing stack bounds), id 0xc0000005]

Native frames: (J=compiled Java code, j=interpreted, Vv=VM code, C=native code)


Current CompileTask:
C2: 869693 4394       4       gherkin.formatter.Mappable::toMap (232 bytes)


---------------  P R O C E S S  ---------------

Java Threads: ( => current thread )
  0x000000001aad7000 JavaThread "Exec Stream Pumper" daemon [_thread_in_native, id=174728, stack(0x00000000206d0000,0x00000000207d0000)]
  0x000000001aad7800 JavaThread "Exec Stream Pumper" daemon [_thread_in_native, id=172684, stack(0x00000000205d0000,0x00000000206d0000)]
  0x000000001b131800 JavaThread "Exec Default Executor" daemon [_thread_in_native, id=170400, stack(0x00000000204d0000,0x00000000205d0000)]
  0x000000001b130000 JavaThread "Exec Stream Pumper" daemon [_thread_in_native, id=166336, stack(0x00000000203d0000,0x00000000204d0000)]
  0x000000001b12e800 JavaThread "Exec Stream Pumper" daemon [_thread_in_native, id=173096, stack(0x00000000200d0000,0x00000000201d0000)]
  0x0000000018f85000 JavaThread "Exec Default Executor" daemon [_thread_in_native, id=161200, stack(0x000000001fbd0000,0x000000001fcd0000)]
  0x000000001b133800 JavaThread "UrlChecker-9" daemon [_thread_blocked, id=172348, stack(0x000000001fed0000,0x000000001ffd0000)]
  0x000000001b133000 JavaThread "Exec Stream Pumper" daemon [_thread_in_native, id=173600, stack(0x00000000202d0000,0x00000000203d0000)]
  0x000000001b12f000 JavaThread "Exec Stream Pumper" daemon [_thread_in_native, id=171760, stack(0x00000000201d0000,0x00000000202d0000)]
  0x000000001b134800 JavaThread "Exec Default Executor" daemon [_thread_in_native, id=172476, stack(0x000000001ffd0000,0x00000000200d0000)]
  0x000000001b130800 JavaThread "Exec Stream Pumper" daemon [_thread_in_native, id=172956, stack(0x000000001fdd0000,0x000000001fed0000)]
  0x000000001b132000 JavaThread "Exec Stream Pumper" daemon [_thread_in_native, id=70456, stack(0x000000001fcd0000,0x000000001fdd0000)]
  0x000000001b12b800 JavaThread "Exec Default Executor" daemon [_thread_in_native, id=172708, stack(0x000000001d1a0000,0x000000001d2a0000)]
  0x000000001b126800 JavaThread "Exec Stream Pumper" daemon [_thread_in_native, id=170684, stack(0x000000001d8a0000,0x000000001d9a0000)]
  0x000000001b127800 JavaThread "Exec Stream Pumper" daemon [_thread_in_native, id=170704, stack(0x000000001d5a0000,0x000000001d6a0000)]
  0x000000001b12d800 JavaThread "Exec Default Executor" daemon [_thread_in_native, id=167612, stack(0x000000001d0a0000,0x000000001d1a0000)]
  0x000000001b12d000 JavaThread "Exec Stream Pumper" daemon [_thread_in_native, id=170240, stack(0x000000001d7a0000,0x000000001d8a0000)]
  0x000000001b12c000 JavaThread "Exec Stream Pumper" daemon [_thread_in_native, id=107680, stack(0x000000001d6a0000,0x000000001d7a0000)]
  0x000000001b125000 JavaThread "Exec Default Executor" daemon [_thread_in_native, id=147536, stack(0x000000001cda0000,0x000000001cea0000)]
  0x000000001b128000 JavaThread "Exec Stream Pumper" daemon [_thread_in_native, id=170488, stack(0x000000001d4a0000,0x000000001d5a0000)]
  0x000000001b126000 JavaThread "Exec Stream Pumper" daemon [_thread_in_native, id=107656, stack(0x000000001d3a0000,0x000000001d4a0000)]
  0x000000001b12a800 JavaThread "Exec Default Executor" daemon [_thread_in_native, id=170644, stack(0x000000001d2a0000,0x000000001d3a0000)]
  0x0000000018f89000 JavaThread "Exec Stream Pumper" daemon [_thread_in_native, id=168784, stack(0x000000001cfa0000,0x000000001d0a0000)]
  0x0000000018f86800 JavaThread "Exec Stream Pumper" daemon [_thread_in_native, id=168132, stack(0x000000001cea0000,0x000000001cfa0000)]
  0x0000000018f86000 JavaThread "Exec Default Executor" daemon [_thread_in_native, id=168688, stack(0x000000001cca0000,0x000000001cda0000)]
  0x0000000018f82000 JavaThread "Exec Stream Pumper" daemon [_thread_in_native, id=164624, stack(0x000000001cba0000,0x000000001cca0000)]
  0x0000000018f88000 JavaThread "Exec Stream Pumper" daemon [_thread_in_native, id=149304, stack(0x000000001caa0000,0x000000001cba0000)]
  0x0000000018f83000 JavaThread "Exec Default Executor" daemon [_thread_in_native, id=156636, stack(0x000000001c9a0000,0x000000001caa0000)]
  0x0000000018f87800 JavaThread "Exec Stream Pumper" daemon [_thread_in_native, id=167932, stack(0x000000001bea0000,0x000000001bfa0000)]
  0x0000000018f84800 JavaThread "Exec Stream Pumper" daemon [_thread_in_native, id=167836, stack(0x0000000018990000,0x0000000018a90000)]
  0x0000000018f83800 JavaThread "Exec Default Executor" daemon [_thread_in_native, id=165080, stack(0x0000000000d70000,0x0000000000e70000)]
  0x0000000019708000 JavaThread "Exec Stream Pumper" daemon [_thread_in_native, id=165468, stack(0x000000001c8a0000,0x000000001c9a0000)]
  0x0000000019705000 JavaThread "Exec Stream Pumper" daemon [_thread_in_native, id=164076, stack(0x000000001c7a0000,0x000000001c8a0000)]
  0x0000000019717800 JavaThread "Exec Default Executor" daemon [_thread_in_native, id=152500, stack(0x000000001a4d0000,0x000000001a5d0000)]
  0x0000000019ce6000 JavaThread "Okio Watchdog" daemon [_thread_blocked, id=166768, stack(0x000000001c4a0000,0x000000001c5a0000)]
  0x0000000019ce5800 JavaThread "OkHttp ConnectionPool" daemon [_thread_blocked, id=147856, stack(0x000000001c3a0000,0x000000001c4a0000)]
  0x000000001af18000 JavaThread "Exec Stream Pumper" daemon [_thread_in_native, id=163168, stack(0x000000001c0a0000,0x000000001c1a0000)]
  0x000000001a9f7000 JavaThread "Exec Stream Pumper" daemon [_thread_in_native, id=165012, stack(0x000000001bfa0000,0x000000001c0a0000)]
  0x000000001af24000 JavaThread "Exec Default Executor" daemon [_thread_in_native, id=161760, stack(0x000000001bda0000,0x000000001bea0000)]
  0x0000000019758800 JavaThread "ReaderThread" [_thread_in_native, id=151664, stack(0x000000001a1d0000,0x000000001a2d0000)]
  0x000000001759e800 JavaThread "Service Thread" daemon [_thread_blocked, id=165452, stack(0x0000000019390000,0x0000000019490000)]
  0x0000000018e98800 JavaThread "C1 CompilerThread2" daemon [_thread_blocked, id=166284, stack(0x0000000019290000,0x0000000019390000)]
  0x0000000017594800 JavaThread "C2 CompilerThread1" daemon [_thread_blocked, id=154172, stack(0x0000000018d90000,0x0000000018e90000)]
=>0x000000001754c000 JavaThread "C2 CompilerThread0" daemon [_thread_in_native, id=127228, stack(0x0000000018c90000,0x0000000018d90000)]
  0x000000001754b000 JavaThread "Attach Listener" daemon [_thread_blocked, id=163560, stack(0x0000000018b90000,0x0000000018c90000)]
  0x0000000017549800 JavaThread "Signal Dispatcher" daemon [_thread_blocked, id=164128, stack(0x0000000018a90000,0x0000000018b90000)]
  0x0000000002a9e800 JavaThread "Finalizer" daemon [_thread_blocked, id=141532, stack(0x0000000018790000,0x0000000018890000)]
  0x0000000002a93000 JavaThread "Reference Handler" daemon [_thread_blocked, id=166536, stack(0x0000000018690000,0x0000000018790000)]
  0x00000000029a2800 JavaThread "main" [_thread_in_Java, id=165740, stack(0x0000000002840000,0x0000000002940000)]

Other Threads:
  0x0000000017507000 VMThread [stack: 0x0000000018590000,0x0000000018690000] [id=163828]
  0x0000000018eb4800 WatcherThread [stack: 0x0000000019490000,0x0000000019590000] [id=162168]

VM state:not at safepoint (normal execution)

VM Mutex/Monitor currently owned by a thread: None

Heap:
 PSYoungGen      total 117248K, used 76691K [0x00000000d6300000, 0x00000000e1880000, 0x0000000100000000)
  eden space 105472K, 70% used [0x00000000d6300000,0x00000000dab1a040,0x00000000dca00000)
  from space 11776K, 24% used [0x00000000dca00000,0x00000000dcccac08,0x00000000dd580000)
  to   space 11776K, 0% used [0x00000000e0d00000,0x00000000e0d00000,0x00000000e1880000)
 ParOldGen       total 54272K, used 6802K [0x0000000082800000, 0x0000000085d00000, 0x00000000d6300000)
  object space 54272K, 12% used [0x0000000082800000,0x0000000082ea48d8,0x0000000085d00000)
 Metaspace       used 25157K, capacity 26071K, committed 26288K, reserved 1073152K
  class space    used 3166K, capacity 3392K, committed 3504K, reserved 1048576K

Card table byte_map: [0x0000000011e60000,0x0000000012250000] byte_map_base: 0x0000000011a4c000

Marking Bits: (ParMarkBitMap*) 0x00000000583cb6d0
 Begin Bits: [0x00000000128f0000, 0x0000000014850000)
 End Bits:   [0x0000000014850000, 0x00000000167b0000)

Polling page: 0x00000000027b0000

CodeCache: size=245760Kb used=13010Kb max_used=13023Kb free=232749Kb
 bounds [0x0000000002aa0000, 0x0000000003790000, 0x0000000011aa0000]
 total_blobs=4214 nmethods=3754 adapters=372
 compilation: enabled

Compilation events (10 events):
Event: 856.566 Thread 0x0000000018e98800 nmethod 4390 0x00000000034a4b50 code [0x00000000034a4e00, 0x00000000034a6628]
Event: 856.566 Thread 0x0000000018e98800 4391       3       cucumber.runtime.model.CucumberScenarioOutline::rowsWithTokensReplaced (156 bytes)
Event: 856.567 Thread 0x0000000018e98800 nmethod 4391 0x0000000003261d10 code [0x0000000003261fe0, 0x00000000032634b8]
Event: 856.567 Thread 0x0000000018e98800 4392       3       cucumber.runtime.model.CucumberScenarioOutline::docStringWithTokensReplaced (39 bytes)
Event: 856.567 Thread 0x0000000018e98800 nmethod 4392 0x000000000326cd10 code [0x000000000326cf00, 0x000000000326d6a8]
Event: 856.568 Thread 0x0000000017594800 nmethod 4389 0x0000000003759450 code [0x00000000037595e0, 0x0000000003759f08]
Event: 869.634 Thread 0x0000000017594800 4393       4       gherkin.deps.com.google.gson.internal.bind.TypeAdapterRuntimeTypeWrapper::write (81 bytes)
Event: 869.639 Thread 0x000000001754c000 4394       4       gherkin.formatter.Mappable::toMap (232 bytes)
Event: 869.662 Thread 0x0000000017594800 nmethod 4393 0x0000000002fe3fd0 code [0x0000000002fe41a0, 0x0000000002fe4ce8]
Event: 869.662 Thread 0x0000000017594800 4395       4       java.util.regex.Pattern::sequence (553 bytes)

GC Heap History (10 events):
Event: 3.745 GC heap before
{Heap before GC invocations=4 (full 0):
 PSYoungGen      total 37888K, used 7141K [0x00000000d6300000, 0x00000000dad00000, 0x0000000100000000)
  eden space 32768K, 6% used [0x00000000d6300000,0x00000000d64fd5b0,0x00000000d8300000)
  from space 5120K, 99% used [0x00000000d8300000,0x00000000d87fc060,0x00000000d8800000)
  to   space 5120K, 0% used [0x00000000da800000,0x00000000da800000,0x00000000dad00000)
 ParOldGen       total 86016K, used 8790K [0x0000000082800000, 0x0000000087c00000, 0x00000000d6300000)
  object space 86016K, 10% used [0x0000000082800000,0x0000000083095b20,0x0000000087c00000)
 Metaspace       used 20733K, capacity 21293K, committed 21296K, reserved 1067008K
  class space    used 2708K, capacity 2864K, committed 2864K, reserved 1048576K
Event: 3.751 GC heap after
Heap after GC invocations=4 (full 0):
 PSYoungGen      total 70656K, used 5104K [0x00000000d6300000, 0x00000000dad00000, 0x0000000100000000)
  eden space 65536K, 0% used [0x00000000d6300000,0x00000000d6300000,0x00000000da300000)
  from space 5120K, 99% used [0x00000000da800000,0x00000000dacfc060,0x00000000dad00000)
  to   space 5120K, 0% used [0x00000000da300000,0x00000000da300000,0x00000000da800000)
 ParOldGen       total 86016K, used 9009K [0x0000000082800000, 0x0000000087c00000, 0x00000000d6300000)
  object space 86016K, 10% used [0x0000000082800000,0x00000000830cc768,0x0000000087c00000)
 Metaspace       used 20733K, capacity 21293K, committed 21296K, reserved 1067008K
  class space    used 2708K, capacity 2864K, committed 2864K, reserved 1048576K
}
Event: 3.751 GC heap before
{Heap before GC invocations=5 (full 1):
 PSYoungGen      total 70656K, used 5104K [0x00000000d6300000, 0x00000000dad00000, 0x0000000100000000)
  eden space 65536K, 0% used [0x00000000d6300000,0x00000000d6300000,0x00000000da300000)
  from space 5120K, 99% used [0x00000000da800000,0x00000000dacfc060,0x00000000dad00000)
  to   space 5120K, 0% used [0x00000000da300000,0x00000000da300000,0x00000000da800000)
 ParOldGen       total 86016K, used 9009K [0x0000000082800000, 0x0000000087c00000, 0x00000000d6300000)
  object space 86016K, 10% used [0x0000000082800000,0x00000000830cc768,0x0000000087c00000)
 Metaspace       used 20733K, capacity 21293K, committed 21296K, reserved 1067008K
  class space    used 2708K, capacity 2864K, committed 2864K, reserved 1048576K
Event: 3.787 GC heap after
Heap after GC invocations=5 (full 1):
 PSYoungGen      total 70656K, used 0K [0x00000000d6300000, 0x00000000dad00000, 0x0000000100000000)
  eden space 65536K, 0% used [0x00000000d6300000,0x00000000d6300000,0x00000000da300000)
  from space 5120K, 0% used [0x00000000da800000,0x00000000da800000,0x00000000dad00000)
  to   space 5120K, 0% used [0x00000000da300000,0x00000000da300000,0x00000000da800000)
 ParOldGen       total 54272K, used 6778K [0x0000000082800000, 0x0000000085d00000, 0x00000000d6300000)
  object space 54272K, 12% used [0x0000000082800000,0x0000000082e9e8d8,0x0000000085d00000)
 Metaspace       used 20733K, capacity 21293K, committed 21296K, reserved 1067008K
  class space    used 2708K, capacity 2864K, committed 2864K, reserved 1048576K
}
Event: 133.822 GC heap before
{Heap before GC invocations=6 (full 1):
 PSYoungGen      total 70656K, used 65536K [0x00000000d6300000, 0x00000000dad00000, 0x0000000100000000)
  eden space 65536K, 100% used [0x00000000d6300000,0x00000000da300000,0x00000000da300000)
  from space 5120K, 0% used [0x00000000da800000,0x00000000da800000,0x00000000dad00000)
  to   space 5120K, 0% used [0x00000000da300000,0x00000000da300000,0x00000000da800000)
 ParOldGen       total 54272K, used 6778K [0x0000000082800000, 0x0000000085d00000, 0x00000000d6300000)
  object space 54272K, 12% used [0x0000000082800000,0x0000000082e9e8d8,0x0000000085d00000)
 Metaspace       used 24200K, capacity 25085K, committed 25136K, reserved 1071104K
  class space    used 3123K, capacity 3327K, committed 3376K, reserved 1048576K
Event: 133.850 GC heap after
Heap after GC invocations=6 (full 1):
 PSYoungGen      total 70656K, used 3175K [0x00000000d6300000, 0x00000000de400000, 0x0000000100000000)
  eden space 65536K, 0% used [0x00000000d6300000,0x00000000d6300000,0x00000000da300000)
  from space 5120K, 62% used [0x00000000da300000,0x00000000da619f80,0x00000000da800000)
  to   space 11264K, 0% used [0x00000000dd900000,0x00000000dd900000,0x00000000de400000)
 ParOldGen       total 54272K, used 6786K [0x0000000082800000, 0x0000000085d00000, 0x00000000d6300000)
  object space 54272K, 12% used [0x0000000082800000,0x0000000082ea08d8,0x0000000085d00000)
 Metaspace       used 24200K, capacity 25085K, committed 25136K, reserved 1071104K
  class space    used 3123K, capacity 3327K, committed 3376K, reserved 1048576K
}
Event: 313.844 GC heap before
{Heap before GC invocations=7 (full 1):
 PSYoungGen      total 70656K, used 68711K [0x00000000d6300000, 0x00000000de400000, 0x0000000100000000)
  eden space 65536K, 100% used [0x00000000d6300000,0x00000000da300000,0x00000000da300000)
  from space 5120K, 62% used [0x00000000da300000,0x00000000da619f80,0x00000000da800000)
  to   space 11264K, 0% used [0x00000000dd900000,0x00000000dd900000,0x00000000de400000)
 ParOldGen       total 54272K, used 6786K [0x0000000082800000, 0x0000000085d00000, 0x00000000d6300000)
  object space 54272K, 12% used [0x0000000082800000,0x0000000082ea08d8,0x0000000085d00000)
 Metaspace       used 24826K, capacity 25771K, committed 26032K, reserved 1071104K
  class space    used 3159K, capacity 3386K, committed 3504K, reserved 1048576K
Event: 313.910 GC heap after
Heap after GC invocations=7 (full 1):
 PSYoungGen      total 113664K, used 2249K [0x00000000d6300000, 0x00000000de100000, 0x0000000100000000)
  eden space 105472K, 0% used [0x00000000d6300000,0x00000000d6300000,0x00000000dca00000)
  from space 8192K, 27% used [0x00000000dd900000,0x00000000ddb32540,0x00000000de100000)
  to   space 11776K, 0% used [0x00000000dca00000,0x00000000dca00000,0x00000000dd580000)
 ParOldGen       total 54272K, used 6794K [0x0000000082800000, 0x0000000085d00000, 0x00000000d6300000)
  object space 54272K, 12% used [0x0000000082800000,0x0000000082ea28d8,0x0000000085d00000)
 Metaspace       used 24826K, capacity 25771K, committed 26032K, reserved 1071104K
  class space    used 3159K, capacity 3386K, committed 3504K, reserved 1048576K
}
Event: 491.103 GC heap before
{Heap before GC invocations=8 (full 1):
 PSYoungGen      total 113664K, used 107721K [0x00000000d6300000, 0x00000000de100000, 0x0000000100000000)
  eden space 105472K, 100% used [0x00000000d6300000,0x00000000dca00000,0x00000000dca00000)
  from space 8192K, 27% used [0x00000000dd900000,0x00000000ddb32540,0x00000000de100000)
  to   space 11776K, 0% used [0x00000000dca00000,0x00000000dca00000,0x00000000dd580000)
 ParOldGen       total 54272K, used 6794K [0x0000000082800000, 0x0000000085d00000, 0x00000000d6300000)
  object space 54272K, 12% used [0x0000000082800000,0x0000000082ea28d8,0x0000000085d00000)
 Metaspace       used 25074K, capacity 25981K, committed 26288K, reserved 1073152K
  class space    used 3162K, capacity 3389K, committed 3504K, reserved 1048576K
Event: 491.163 GC heap after
Heap after GC invocations=8 (full 1):
 PSYoungGen      total 117248K, used 2859K [0x00000000d6300000, 0x00000000e1880000, 0x0000000100000000)
  eden space 105472K, 0% used [0x00000000d6300000,0x00000000d6300000,0x00000000dca00000)
  from space 11776K, 24% used [0x00000000dca00000,0x00000000dcccac08,0x00000000dd580000)
  to   space 11776K, 0% used [0x00000000e0d00000,0x00000000e0d00000,0x00000000e1880000)
 ParOldGen       total 54272K, used 6802K [0x0000000082800000, 0x0000000085d00000, 0x00000000d6300000)
  object space 54272K, 12% used [0x0000000082800000,0x0000000082ea48d8,0x0000000085d00000)
 Metaspace       used 25074K, capacity 25981K, committed 26288K, reserved 1073152K
  class space    used 3162K, capacity 3389K, committed 3504K, reserved 1048576K
}

Deoptimization events (10 events):
Event: 213.327 Thread 0x00000000029a2800 Uncommon trap: reason=unstable_if action=reinterpret pc=0x00000000034a19b0 method=gherkin.deps.com.google.gson.stream.JsonWriter.string(Ljava/lang/String;)V @ 58
Event: 213.327 Thread 0x00000000029a2800 Uncommon trap: reason=unstable_if action=reinterpret pc=0x00000000033c1d3c method=sun.nio.cs.UTF_8$Encoder.encodeArrayLoop(Ljava/nio/CharBuffer;Ljava/nio/ByteBuffer;)Ljava/nio/charset/CoderResult; @ 87
Event: 213.341 Thread 0x00000000029a2800 Uncommon trap: reason=unstable_if action=reinterpret pc=0x0000000003074258 method=java.util.regex.Pattern$Slice.match(Ljava/util/regex/Matcher;ILjava/lang/CharSequence;)Z @ 29
Event: 401.976 Thread 0x00000000029a2800 Uncommon trap: reason=predicate action=maybe_recompile pc=0x0000000003277e0c method=com.google.common.collect.RegularImmutableMap.fromEntryArray(I[Ljava/util/Map$Entry;)Lcom/google/common/collect/ImmutableMap; @ 62
Event: 414.391 Thread 0x00000000029a2800 Uncommon trap: reason=array_check action=maybe_recompile pc=0x00000000036d6ed0 method=com.google.common.collect.RegularImmutableMap.fromEntryArray(I[Ljava/util/Map$Entry;)Lcom/google/common/collect/ImmutableMap; @ 157
Event: 417.044 Thread 0x00000000029a2800 Uncommon trap: reason=array_check action=maybe_recompile pc=0x00000000036d6ed0 method=com.google.common.collect.RegularImmutableMap.fromEntryArray(I[Ljava/util/Map$Entry;)Lcom/google/common/collect/ImmutableMap; @ 157
Event: 420.822 Thread 0x00000000029a2800 Uncommon trap: reason=array_check action=maybe_recompile pc=0x00000000036d6ed0 method=com.google.common.collect.RegularImmutableMap.fromEntryArray(I[Ljava/util/Map$Entry;)Lcom/google/common/collect/ImmutableMap; @ 157
Event: 421.198 Thread 0x00000000029a2800 Uncommon trap: reason=array_check action=maybe_recompile pc=0x00000000036d6ed0 method=com.google.common.collect.RegularImmutableMap.fromEntryArray(I[Ljava/util/Map$Entry;)Lcom/google/common/collect/ImmutableMap; @ 157
Event: 837.863 Thread 0x000000001b130000 Uncommon trap: reason=unstable_if action=reinterpret pc=0x0000000002de9a2c method=java.io.BufferedInputStream.read1([BII)I @ 60
Event: 841.982 Thread 0x00000000029a2800 Uncommon trap: reason=unstable_if action=reinterpret pc=0x0000000003580758 method=sun.nio.cs.UTF_8$Encoder.encodeArrayLoop(Ljava/nio/CharBuffer;Ljava/nio/ByteBuffer;)Ljava/nio/charset/CoderResult; @ 134

Internal exceptions (10 events):
Event: 842.678 Thread 0x00000000029a2800 Exception <a 'java/lang/reflect/InvocationTargetException'> (0x00000000d9b1cb30) thrown at [C:\re\workspace\8-2-build-windows-amd64-cygwin\jdk8u121\8372\hotspot\src\share\vm\runtime\reflection.cpp, line 1092]
Event: 853.739 Thread 0x00000000029a2800 Exception <a 'java/net/ConnectException': Connection refused: connect> (0x00000000d9d9cf00) thrown at [C:\re\workspace\8-2-build-windows-amd64-cygwin\jdk8u121\8372\hotspot\src\share\vm\prims\jni.cpp, line 735]
Event: 855.771 Thread 0x00000000029a2800 Exception <a 'java/net/ConnectException': Connection refused: connect> (0x00000000d9d9f308) thrown at [C:\re\workspace\8-2-build-windows-amd64-cygwin\jdk8u121\8372\hotspot\src\share\vm\prims\jni.cpp, line 735]
Event: 855.774 Thread 0x00000000029a2800 Exception <a 'java/lang/reflect/InvocationTargetException'> (0x00000000d9da1388) thrown at [C:\re\workspace\8-2-build-windows-amd64-cygwin\jdk8u121\8372\hotspot\src\share\vm\runtime\reflection.cpp, line 1092]
Event: 855.880 Thread 0x00000000029a2800 Exception <a 'java/lang/reflect/InvocationTargetException'> (0x00000000da14def8) thrown at [C:\re\workspace\8-2-build-windows-amd64-cygwin\jdk8u121\8372\hotspot\src\share\vm\runtime\reflection.cpp, line 1092]
Event: 856.427 Thread 0x000000001b133800 Exception <a 'java/net/SocketTimeoutException': connect timed out> (0x00000000d950fa10) thrown at [C:\re\workspace\8-2-build-windows-amd64-cygwin\jdk8u121\8372\hotspot\src\share\vm\prims\jni.cpp, line 735]
Event: 856.546 Thread 0x00000000029a2800 Exception <a 'java/lang/reflect/InvocationTargetException'> (0x00000000da38e830) thrown at [C:\re\workspace\8-2-build-windows-amd64-cygwin\jdk8u121\8372\hotspot\src\share\vm\runtime\reflection.cpp, line 1092]
Event: 867.612 Thread 0x00000000029a2800 Exception <a 'java/net/ConnectException': Connection refused: connect> (0x00000000da67d288) thrown at [C:\re\workspace\8-2-build-windows-amd64-cygwin\jdk8u121\8372\hotspot\src\share\vm\prims\jni.cpp, line 735]
Event: 869.623 Thread 0x00000000029a2800 Exception <a 'java/net/ConnectException': Connection refused: connect> (0x00000000da67f6d0) thrown at [C:\re\workspace\8-2-build-windows-amd64-cygwin\jdk8u121\8372\hotspot\src\share\vm\prims\jni.cpp, line 735]
Event: 869.624 Thread 0x00000000029a2800 Exception <a 'java/lang/reflect/InvocationTargetException'> (0x00000000da681750) thrown at [C:\re\workspace\8-2-build-windows-amd64-cygwin\jdk8u121\8372\hotspot\src\share\vm\runtime\reflection.cpp, line 1092]

Events (10 events):
Event: 856.441 Thread 0x000000001aad6000 Thread added: 0x000000001aad6000
Event: 856.553 Thread 0x00000000029a2800 DEOPT PACKING pc=0x000000000377f7f3 sp=0x000000000293d360
Event: 856.553 Thread 0x00000000029a2800 DEOPT UNPACKING pc=0x0000000002ae787f sp=0x000000000293d150 mode 0
Event: 856.561 Thread 0x00000000029a2800 DEOPT PACKING pc=0x000000000377f7f3 sp=0x000000000293d310
Event: 856.562 Thread 0x00000000029a2800 DEOPT UNPACKING pc=0x0000000002ae787f sp=0x000000000293d100 mode 0
Event: 861.442 Executing VM operation: RevokeBias
Event: 861.442 Executing VM operation: RevokeBias done
Event: 861.442 Executing VM operation: RevokeBias
Event: 861.442 Executing VM operation: RevokeBias done
Event: 861.442 Thread 0x000000001aad6000 Thread exited: 0x000000001aad6000


Dynamic libraries:
0x00007ff682d00000 - 0x00007ff682d37000 	C:\Program Files\Java\jdk1.8.0_121\bin\javaw.exe
0x00007ff9850a0000 - 0x00007ff9852a9000 	C:\Windows\SYSTEM32\ntdll.dll
0x00007ff983fe0000 - 0x00007ff98409e000 	C:\Windows\System32\KERNEL32.DLL
0x00007ff982850000 - 0x00007ff982bcb000 	C:\Windows\System32\KERNELBASE.dll
0x00007ff9841b0000 - 0x00007ff98425e000 	C:\Windows\System32\ADVAPI32.dll
0x00007ff984aa0000 - 0x00007ff984b43000 	C:\Windows\System32\msvcrt.dll
0x00007ff9840a0000 - 0x00007ff98413e000 	C:\Windows\System32\sechost.dll
0x00007ff984f30000 - 0x00007ff985050000 	C:\Windows\System32\RPCRT4.dll
0x00007ff984260000 - 0x00007ff98440d000 	C:\Windows\System32\USER32.dll
0x00007ff982820000 - 0x00007ff982846000 	C:\Windows\System32\win32u.dll
0x00007ff9834d0000 - 0x00007ff9834f9000 	C:\Windows\System32\GDI32.dll
0x00007ff982bd0000 - 0x00007ff982ce8000 	C:\Windows\System32\gdi32full.dll
0x00007ff982700000 - 0x00007ff98279d000 	C:\Windows\System32\msvcp_win.dll
0x00007ff982570000 - 0x00007ff982681000 	C:\Windows\System32\ucrtbase.dll
0x00007ff973f30000 - 0x00007ff9741d5000 	C:\Windows\WinSxS\amd64_microsoft.windows.common-controls_6595b64144ccf1df_6.0.22000.120_none_9d947278b86cc467\COMCTL32.dll
0x00007ff9845d0000 - 0x00007ff984602000 	C:\Windows\System32\IMM32.DLL
0x0000000058450000 - 0x0000000058522000 	C:\Program Files\Java\jdk1.8.0_121\jre\bin\msvcr100.dll
0x0000000057bb0000 - 0x000000005844b000 	C:\Program Files\Java\jdk1.8.0_121\jre\bin\server\jvm.dll
0x00007ff984630000 - 0x00007ff984638000 	C:\Windows\System32\PSAPI.DLL
0x00007ff9794e0000 - 0x00007ff9794e9000 	C:\Windows\SYSTEM32\WSOCK32.dll
0x00007ff983570000 - 0x00007ff9835df000 	C:\Windows\System32\WS2_32.dll
0x00007ff97ebc0000 - 0x00007ff97ebf3000 	C:\Windows\SYSTEM32\WINMM.dll
0x00007ff97ba40000 - 0x00007ff97ba4a000 	C:\Windows\SYSTEM32\VERSION.dll
0x0000000058b30000 - 0x0000000058b3f000 	C:\Program Files\Java\jdk1.8.0_121\jre\bin\verify.dll
0x0000000058b00000 - 0x0000000058b29000 	C:\Program Files\Java\jdk1.8.0_121\jre\bin\java.dll
0x0000000058ae0000 - 0x0000000058af6000 	C:\Program Files\Java\jdk1.8.0_121\jre\bin\zip.dll
0x00007ff9836d0000 - 0x00007ff983e88000 	C:\Windows\System32\SHELL32.dll
0x00007ff980660000 - 0x00007ff980ec5000 	C:\Windows\SYSTEM32\windows.storage.dll
0x00007ff984bb0000 - 0x00007ff984f28000 	C:\Windows\System32\combase.dll
0x00007ff9804f0000 - 0x00007ff980656000 	C:\Windows\SYSTEM32\wintypes.dll
0x00007ff9835e0000 - 0x00007ff9836ca000 	C:\Windows\System32\SHCORE.dll
0x00007ff983510000 - 0x00007ff98356d000 	C:\Windows\System32\shlwapi.dll
0x00007ff9824a0000 - 0x00007ff9824c1000 	C:\Windows\SYSTEM32\profapi.dll
0x0000000058890000 - 0x00000000588aa000 	C:\Program Files\Java\jdk1.8.0_121\jre\bin\net.dll
0x00007ff981a90000 - 0x00007ff981af7000 	C:\Windows\system32\mswsock.dll
0x00007ff9811e0000 - 0x00007ff9812c8000 	C:\Windows\SYSTEM32\DNSAPI.dll
0x00007ff981160000 - 0x00007ff98118d000 	C:\Windows\SYSTEM32\IPHLPAPI.DLL
0x00007ff983500000 - 0x00007ff983509000 	C:\Windows\System32\NSI.dll
0x00007ff97ab40000 - 0x00007ff97ab4a000 	C:\Windows\System32\rasadhlp.dll
0x00007ff97cce0000 - 0x00007ff97cd61000 	C:\Windows\System32\fwpuclnt.dll
0x0000000058860000 - 0x0000000058884000 	C:\Program Files\Java\jdk1.8.0_121\jre\bin\sunec.dll
0x00007ff97e1e0000 - 0x00007ff97e1f9000 	C:\Windows\SYSTEM32\dhcpcsvc6.DLL
0x00007ff97e5b0000 - 0x00007ff97e5ce000 	C:\Windows\SYSTEM32\dhcpcsvc.DLL
0x0000000058840000 - 0x0000000058851000 	C:\Program Files\Java\jdk1.8.0_121\jre\bin\nio.dll
0x00007ff981cd0000 - 0x00007ff981ce8000 	C:\Windows\SYSTEM32\CRYPTSP.dll
0x00007ff981550000 - 0x00007ff981585000 	C:\Windows\system32\rsaenh.dll
0x00007ff981b80000 - 0x00007ff981ba9000 	C:\Windows\SYSTEM32\USERENV.dll
0x00007ff981e60000 - 0x00007ff981e87000 	C:\Windows\SYSTEM32\bcrypt.dll
0x00007ff9827a0000 - 0x00007ff98281f000 	C:\Windows\System32\bcryptprimitives.dll
0x00007ff981cf0000 - 0x00007ff981cfc000 	C:\Windows\SYSTEM32\CRYPTBASE.dll
0x0000000058ad0000 - 0x0000000058adb000 	C:\Program Files\Java\jdk1.8.0_121\jre\bin\sunmscapi.dll
0x00007ff982cf0000 - 0x00007ff982e52000 	C:\Windows\System32\CRYPT32.dll
0x00007ff979500000 - 0x00007ff979517000 	C:\Windows\system32\napinsp.dll
0x00007ff9794c0000 - 0x00007ff9794db000 	C:\Windows\system32\pnrpnsp.dll
0x00007ff974480000 - 0x00007ff974492000 	C:\Windows\System32\winrnr.dll
0x00007ff974460000 - 0x00007ff974475000 	C:\Windows\system32\wshbth.dll
0x00007ff9667a0000 - 0x00007ff9667bf000 	C:\Windows\system32\nlansp_c.dll

VM Arguments:
jvm_args: -ea -Dfile.encoding=UTF-8 
java_command: org.testng.remote.RemoteTestNG -serport 56129 -protocol json -d C:\Users\paul\eclipse-workspace\RecruiterAi-0.01\test-output C:\Users\paul\AppData\Local\Temp\testng-eclipse-1681253574\testng-customsuite.xml
java_class_path (initial): C:\Users\paul\eclipse\java-2022-09\eclipse\configuration\org.eclipse.osgi\440\0\.cp\lib\testng-remote.jar;C:\Users\paul\eclipse-workspace\RecruiterAi-0.01\target\test-classes;C:\Users\paul\eclipse-workspace\RecruiterAi-0.01\target\classes;C:\Users\paul\.m2\repository\org\seleniumhq\selenium\selenium-java\3.141.59\selenium-java-3.141.59.jar;C:\Users\paul\.m2\repository\org\seleniumhq\selenium\selenium-api\3.141.59\selenium-api-3.141.59.jar;C:\Users\paul\.m2\repository\org\seleniumhq\selenium\selenium-chrome-driver\3.141.59\selenium-chrome-driver-3.141.59.jar;C:\Users\paul\.m2\repository\org\seleniumhq\selenium\selenium-edge-driver\3.141.59\selenium-edge-driver-3.141.59.jar;C:\Users\paul\.m2\repository\org\seleniumhq\selenium\selenium-firefox-driver\3.141.59\selenium-firefox-driver-3.141.59.jar;C:\Users\paul\.m2\repository\org\seleniumhq\selenium\selenium-ie-driver\3.141.59\selenium-ie-driver-3.141.59.jar;C:\Users\paul\.m2\repository\org\seleniumhq\selenium\selenium-opera-driver\3.141.59\selenium-opera-driver-3.141.59.jar;C:\Users\paul\.m2\repository\org\seleniumhq\selenium\selenium-remote-driver\3.141.59\selenium-remote-driver-3.141.59.jar;C:\Users\paul\.m2\repository\org\seleniumhq\selenium\selenium-safari-driver\3.141.59\selenium-safari-driver-3.141.59.jar;C:\Users\paul\.m2\repository\org\seleniumhq\selenium\selenium-support\3.141.59\selenium-support-3.141.59.jar;C:\Users\paul\.m2\repository\net\bytebuddy\byte-buddy\1.8.15\byte-buddy-1.8.15.jar;C:\Users\paul\.m2\repository\org\apache\commons\commons-exec\1.3\commons-exec-1.3.jar;C:\Users\paul\.m2\repository\com\google\guava\guava\25.0-jre\guava-25.0-jre.jar;C:\Users\paul\.m2\repository\com\google\code\findbugs\jsr305\1.3.9\jsr305-1.3.9.jar;C:\Users\paul\.m2\repository\org\checkerframework\checker-compat-qual\2.0.0\checker-compat-qual-2.0.0.jar;C:\Users\paul\.m2\repository\com\google\errorprone\error_prone_annotations\2.1.3\error_prone_annotations-2.1.3.jar;C:\Users\paul\.m2\repository\c
Launcher Type: SUN_STANDARD

Environment Variables:
JAVA_HOME=C:\Program Files\Java\jdk-11.0.16
PATH=C:/Users/paul/.p2/pool/plugins/org.eclipse.justj.openjdk.hotspot.jre.full.win32.x86_64_17.0.4.v20221004-1257/jre/bin/server;C:/Users/paul/.p2/pool/plugins/org.eclipse.justj.openjdk.hotspot.jre.full.win32.x86_64_17.0.4.v20221004-1257/jre/bin;C:\Program Files\Common Files\Oracle\Java\javapath;C:\ProgramData\Oracle\Java\javapath;C:\Program Files (x86)\Common Files\Oracle\Java\javapath;C:\Windows\system32;C:\Windows;C:\Windows\System32\Wbem;C:\Windows\System32\WindowsPowerShell\v1.0\;C:\Windows\System32\OpenSSH\;C:\Program Files\Java\jdk-11.0.16\bin;C:\Program Files\Git\cmd;C:\Users\paul\AppData\Local\Microsoft\WindowsApps;C:\Program Files\Java\jdk-11.0.16\bin;C:\Users\paul\AppData\Local\GitHubDesktop\bin;;C:\Users\paul\Desktop;
USERNAME=paul
OS=Windows_NT
PROCESSOR_IDENTIFIER=Intel64 Family 6 Model 142 Stepping 12, GenuineIntel



---------------  S Y S T E M  ---------------

OS: Windows 10.0 , 64 bit Build 22000 (10.0.22000.1219)

CPU:total 4 (2 cores per cpu, 2 threads per core) family 6 model 142 stepping 12, cmov, cx8, fxsr, mmx, sse, sse2, sse3, ssse3, sse4.1, sse4.2, popcnt, avx, avx2, aes, clmul, erms, 3dnowpref, lzcnt, ht, tsc, tscinvbit, bmi1, bmi2, adx

Memory: 4k page, physical 8218932k(33484k free), swap 33384756k(776k free)

vm_info: Java HotSpot(TM) 64-Bit Server VM (25.121-b13) for windows-amd64 JRE (1.8.0_121-b13), built on Dec 12 2016 18:21:36 by "java_re" with MS VC++ 10.0 (VS2010)

time: Thu Nov 17 13:42:57 2022
elapsed time: 869 seconds (0d 0h 14m 29s)

